<?xml version="1.0" encoding="UTF-8"?>
<TestRun id="d6da5355-8230-4fcb-84a6-d10b1a19c43c" name="Decho@DECHO-DESKTOP 2016-01-10 15:13:33" runUser="Decho-Desktop\Decho" xmlns="http://microsoft.com/schemas/VisualStudio/TeamTest/2010">
  <TestSettings name="Default Test Settings" id="26c2b8d7-5227-44a3-b669-1149bcbb57fe">
    <Deployment userDeploymentRoot="C:\Users\Decho\Desktop" useDefaultDeploymentRoot="false" runDeploymentRoot="Decho_DECHO-DESKTOP 2016-01-10 15_13_33" />
    <Execution>
      <TestTypeSpecific />
      <AgentRule name="Execution Agents">
      </AgentRule>
    </Execution>
    <Properties />
  </TestSettings>
  <Times creation="2016-01-10T15:13:33.6613751+02:00" queuing="2016-01-10T15:13:36.2914658+02:00" start="2016-01-10T15:13:36.5514662+02:00" finish="2016-01-10T15:19:57.0630417+02:00" />
  <ResultSummary outcome="Completed">
    <Counters total="20" executed="20" passed="20" error="0" failed="0" timeout="0" aborted="0" inconclusive="0" passedButRunAborted="0" notRunnable="0" notExecuted="0" disconnected="0" warning="0" completed="0" inProgress="0" pending="0" />
  </ResultSummary>
  <TestDefinitions>
    <UnitTest name="TestLoginWithInvalidRegularUserUsername" storage="c:\users\decho\desktop\testplan\teamlichtestautomation\teamlichtestautomation.tests\bin\debug\teamlichtestautomation.tests.dll" id="e714d2e6-17c3-2a72-1396-a808d6ce02dc">
      <TestCategory>
        <TestCategoryItem TestCategory="Login" />
        <TestCategoryItem TestCategory="PriorityHigh" />
      </TestCategory>
      <Execution id="166fadaf-9566-407c-bb0d-d299d05053a4" />
      <TestMethod codeBase="C:/Users/Decho/Desktop/TestPlan/TeamLichTestAutomation/TeamLichTestAutomation.Tests/bin/Debug/TeamLichTestAutomation.Tests.DLL" adapterTypeName="Microsoft.VisualStudio.TestTools.TestTypes.Unit.UnitTestAdapter, Microsoft.VisualStudio.QualityTools.Tips.UnitTest.Adapter, Version=12.0.0.0, Culture=neutral, PublicKeyToken=b03f5f7f11d50a3a" className="TeamLichTestAutomation.Tests.LoginTestSuite, TeamLichTestAutomation.Tests, Version=1.0.0.0, Culture=neutral, PublicKeyToken=null" name="TestLoginWithInvalidRegularUserUsername" />
    </UnitTest>
    <UnitTest name="TestLoginPersistenceRegularUserOnBrowserRestart" storage="c:\users\decho\desktop\testplan\teamlichtestautomation\teamlichtestautomation.tests\bin\debug\teamlichtestautomation.tests.dll" id="9cc04609-625b-cd91-0109-186f4545d267">
      <TestCategory>
        <TestCategoryItem TestCategory="Login" />
        <TestCategoryItem TestCategory="PriorityMedium" />
      </TestCategory>
      <Execution id="15d07e2d-8250-47fe-b0b1-0ac6ed1b8cea" />
      <TestMethod codeBase="C:/Users/Decho/Desktop/TestPlan/TeamLichTestAutomation/TeamLichTestAutomation.Tests/bin/Debug/TeamLichTestAutomation.Tests.DLL" adapterTypeName="Microsoft.VisualStudio.TestTools.TestTypes.Unit.UnitTestAdapter, Microsoft.VisualStudio.QualityTools.Tips.UnitTest.Adapter, Version=12.0.0.0, Culture=neutral, PublicKeyToken=b03f5f7f11d50a3a" className="TeamLichTestAutomation.Tests.LoginTestSuite, TeamLichTestAutomation.Tests, Version=1.0.0.0, Culture=neutral, PublicKeyToken=null" name="TestLoginPersistenceRegularUserOnBrowserRestart" />
    </UnitTest>
    <UnitTest name="TestLoginWithInvalidRegularUserPassword" storage="c:\users\decho\desktop\testplan\teamlichtestautomation\teamlichtestautomation.tests\bin\debug\teamlichtestautomation.tests.dll" id="90a824b3-0d11-eedd-f58c-73bcae227869">
      <TestCategory>
        <TestCategoryItem TestCategory="Login" />
        <TestCategoryItem TestCategory="PriorityHigh" />
      </TestCategory>
      <Execution id="0c5b0123-42c0-4baf-b6bc-083b5292a74a" />
      <TestMethod codeBase="C:/Users/Decho/Desktop/TestPlan/TeamLichTestAutomation/TeamLichTestAutomation.Tests/bin/Debug/TeamLichTestAutomation.Tests.DLL" adapterTypeName="Microsoft.VisualStudio.TestTools.TestTypes.Unit.UnitTestAdapter, Microsoft.VisualStudio.QualityTools.Tips.UnitTest.Adapter, Version=12.0.0.0, Culture=neutral, PublicKeyToken=b03f5f7f11d50a3a" className="TeamLichTestAutomation.Tests.LoginTestSuite, TeamLichTestAutomation.Tests, Version=1.0.0.0, Culture=neutral, PublicKeyToken=null" name="TestLoginWithInvalidRegularUserPassword" />
    </UnitTest>
    <UnitTest name="TestLoginRegularUserWithNullPasswordField" storage="c:\users\decho\desktop\testplan\teamlichtestautomation\teamlichtestautomation.tests\bin\debug\teamlichtestautomation.tests.dll" id="37b5592d-7372-5316-748f-2dbfc3c12d52">
      <TestCategory>
        <TestCategoryItem TestCategory="Login" />
        <TestCategoryItem TestCategory="PriorityHigh" />
      </TestCategory>
      <Execution id="c22b9ade-031b-4632-875f-e82852541fc4" />
      <TestMethod codeBase="C:/Users/Decho/Desktop/TestPlan/TeamLichTestAutomation/TeamLichTestAutomation.Tests/bin/Debug/TeamLichTestAutomation.Tests.DLL" adapterTypeName="Microsoft.VisualStudio.TestTools.TestTypes.Unit.UnitTestAdapter, Microsoft.VisualStudio.QualityTools.Tips.UnitTest.Adapter, Version=12.0.0.0, Culture=neutral, PublicKeyToken=b03f5f7f11d50a3a" className="TeamLichTestAutomation.Tests.LoginTestSuite, TeamLichTestAutomation.Tests, Version=1.0.0.0, Culture=neutral, PublicKeyToken=null" name="TestLoginRegularUserWithNullPasswordField" />
    </UnitTest>
    <UnitTest name="TestLoginUserWithNullFields" storage="c:\users\decho\desktop\testplan\teamlichtestautomation\teamlichtestautomation.tests\bin\debug\teamlichtestautomation.tests.dll" id="1b9aca29-30a5-283d-2ec5-5c92ccd2d574">
      <TestCategory>
        <TestCategoryItem TestCategory="Login" />
        <TestCategoryItem TestCategory="PriorityHigh" />
      </TestCategory>
      <Execution id="4e169c61-80de-4029-b0b6-da4ce7ff63de" />
      <TestMethod codeBase="C:/Users/Decho/Desktop/TestPlan/TeamLichTestAutomation/TeamLichTestAutomation.Tests/bin/Debug/TeamLichTestAutomation.Tests.DLL" adapterTypeName="Microsoft.VisualStudio.TestTools.TestTypes.Unit.UnitTestAdapter, Microsoft.VisualStudio.QualityTools.Tips.UnitTest.Adapter, Version=12.0.0.0, Culture=neutral, PublicKeyToken=b03f5f7f11d50a3a" className="TeamLichTestAutomation.Tests.LoginTestSuite, TeamLichTestAutomation.Tests, Version=1.0.0.0, Culture=neutral, PublicKeyToken=null" name="TestLoginUserWithNullFields" />
    </UnitTest>
    <UnitTest name="TestLoginWithEmptyUserField" storage="c:\users\decho\desktop\testplan\teamlichtestautomation\teamlichtestautomation.tests\bin\debug\teamlichtestautomation.tests.dll" id="9802d6a5-3597-37ba-aaf5-27e35acbd80e">
      <TestCategory>
        <TestCategoryItem TestCategory="Login" />
        <TestCategoryItem TestCategory="PriorityHigh" />
      </TestCategory>
      <Execution id="0e978020-1bef-4d7c-8d6e-19ddd4a41d72" />
      <TestMethod codeBase="C:/Users/Decho/Desktop/TestPlan/TeamLichTestAutomation/TeamLichTestAutomation.Tests/bin/Debug/TeamLichTestAutomation.Tests.DLL" adapterTypeName="Microsoft.VisualStudio.TestTools.TestTypes.Unit.UnitTestAdapter, Microsoft.VisualStudio.QualityTools.Tips.UnitTest.Adapter, Version=12.0.0.0, Culture=neutral, PublicKeyToken=b03f5f7f11d50a3a" className="TeamLichTestAutomation.Tests.LoginTestSuite, TeamLichTestAutomation.Tests, Version=1.0.0.0, Culture=neutral, PublicKeyToken=null" name="TestLoginWithEmptyUserField" />
    </UnitTest>
    <UnitTest name="TestLoginAdminUserIsNotPersistentOnCookieDeletion" storage="c:\users\decho\desktop\testplan\teamlichtestautomation\teamlichtestautomation.tests\bin\debug\teamlichtestautomation.tests.dll" id="46d378cf-3bd9-6d24-7dc0-4a99ef6e1e99">
      <TestCategory>
        <TestCategoryItem TestCategory="Login" />
        <TestCategoryItem TestCategory="PriorityHigh" />
      </TestCategory>
      <Execution id="743b28d4-fe6c-4be6-b4a2-6d5d4704bb4c" />
      <TestMethod codeBase="C:/Users/Decho/Desktop/TestPlan/TeamLichTestAutomation/TeamLichTestAutomation.Tests/bin/Debug/TeamLichTestAutomation.Tests.DLL" adapterTypeName="Microsoft.VisualStudio.TestTools.TestTypes.Unit.UnitTestAdapter, Microsoft.VisualStudio.QualityTools.Tips.UnitTest.Adapter, Version=12.0.0.0, Culture=neutral, PublicKeyToken=b03f5f7f11d50a3a" className="TeamLichTestAutomation.Tests.LoginTestSuite, TeamLichTestAutomation.Tests, Version=1.0.0.0, Culture=neutral, PublicKeyToken=null" name="TestLoginAdminUserIsNotPersistentOnCookieDeletion" />
    </UnitTest>
    <UnitTest name="TestLoginRegularUserIsNotPersistentOnCookieDeletion" storage="c:\users\decho\desktop\testplan\teamlichtestautomation\teamlichtestautomation.tests\bin\debug\teamlichtestautomation.tests.dll" id="8ac73b42-0a85-56bf-a662-9b96d9ffca43">
      <TestCategory>
        <TestCategoryItem TestCategory="Login" />
        <TestCategoryItem TestCategory="PriorityHigh" />
      </TestCategory>
      <Execution id="d8f9c939-fd36-4b87-8aa3-e2064f3455b6" />
      <TestMethod codeBase="C:/Users/Decho/Desktop/TestPlan/TeamLichTestAutomation/TeamLichTestAutomation.Tests/bin/Debug/TeamLichTestAutomation.Tests.DLL" adapterTypeName="Microsoft.VisualStudio.TestTools.TestTypes.Unit.UnitTestAdapter, Microsoft.VisualStudio.QualityTools.Tips.UnitTest.Adapter, Version=12.0.0.0, Culture=neutral, PublicKeyToken=b03f5f7f11d50a3a" className="TeamLichTestAutomation.Tests.LoginTestSuite, TeamLichTestAutomation.Tests, Version=1.0.0.0, Culture=neutral, PublicKeyToken=null" name="TestLoginRegularUserIsNotPersistentOnCookieDeletion" />
    </UnitTest>
    <UnitTest name="TestLoginUserFieldDoesNotAcceptForbiddenSymbols" storage="c:\users\decho\desktop\testplan\teamlichtestautomation\teamlichtestautomation.tests\bin\debug\teamlichtestautomation.tests.dll" id="718d1b7b-62e2-7083-6b00-7a083b35c722">
      <TestCategory>
        <TestCategoryItem TestCategory="Login" />
        <TestCategoryItem TestCategory="PriorityHigh" />
      </TestCategory>
      <Execution id="bd236d69-0dbe-4cc3-a793-821d11721d1c" />
      <TestMethod codeBase="C:/Users/Decho/Desktop/TestPlan/TeamLichTestAutomation/TeamLichTestAutomation.Tests/bin/Debug/TeamLichTestAutomation.Tests.DLL" adapterTypeName="Microsoft.VisualStudio.TestTools.TestTypes.Unit.UnitTestAdapter, Microsoft.VisualStudio.QualityTools.Tips.UnitTest.Adapter, Version=12.0.0.0, Culture=neutral, PublicKeyToken=b03f5f7f11d50a3a" className="TeamLichTestAutomation.Tests.LoginTestSuite, TeamLichTestAutomation.Tests, Version=1.0.0.0, Culture=neutral, PublicKeyToken=null" name="TestLoginUserFieldDoesNotAcceptForbiddenSymbols" />
    </UnitTest>
    <UnitTest name="TestLoginWithEmptyFields" storage="c:\users\decho\desktop\testplan\teamlichtestautomation\teamlichtestautomation.tests\bin\debug\teamlichtestautomation.tests.dll" id="26dc92bc-e06d-b38c-ed13-955202adc92b">
      <TestCategory>
        <TestCategoryItem TestCategory="Login" />
        <TestCategoryItem TestCategory="PriorityHigh" />
      </TestCategory>
      <Execution id="ca5d22fd-3e06-42ba-b4e2-ca5048755c36" />
      <TestMethod codeBase="C:/Users/Decho/Desktop/TestPlan/TeamLichTestAutomation/TeamLichTestAutomation.Tests/bin/Debug/TeamLichTestAutomation.Tests.DLL" adapterTypeName="Microsoft.VisualStudio.TestTools.TestTypes.Unit.UnitTestAdapter, Microsoft.VisualStudio.QualityTools.Tips.UnitTest.Adapter, Version=12.0.0.0, Culture=neutral, PublicKeyToken=b03f5f7f11d50a3a" className="TeamLichTestAutomation.Tests.LoginTestSuite, TeamLichTestAutomation.Tests, Version=1.0.0.0, Culture=neutral, PublicKeyToken=null" name="TestLoginWithEmptyFields" />
    </UnitTest>
    <UnitTest name="TestLoginPersistenceAdminUserOnBrowserRestart" storage="c:\users\decho\desktop\testplan\teamlichtestautomation\teamlichtestautomation.tests\bin\debug\teamlichtestautomation.tests.dll" id="f2a3626f-d962-febc-762c-db97854cb8be">
      <TestCategory>
        <TestCategoryItem TestCategory="Login" />
        <TestCategoryItem TestCategory="PriorityMedium" />
      </TestCategory>
      <Execution id="5fdf003b-d20b-4e92-a30e-8d3a586ae428" />
      <TestMethod codeBase="C:/Users/Decho/Desktop/TestPlan/TeamLichTestAutomation/TeamLichTestAutomation.Tests/bin/Debug/TeamLichTestAutomation.Tests.DLL" adapterTypeName="Microsoft.VisualStudio.TestTools.TestTypes.Unit.UnitTestAdapter, Microsoft.VisualStudio.QualityTools.Tips.UnitTest.Adapter, Version=12.0.0.0, Culture=neutral, PublicKeyToken=b03f5f7f11d50a3a" className="TeamLichTestAutomation.Tests.LoginTestSuite, TeamLichTestAutomation.Tests, Version=1.0.0.0, Culture=neutral, PublicKeyToken=null" name="TestLoginPersistenceAdminUserOnBrowserRestart" />
    </UnitTest>
    <UnitTest name="TestLoginWithInvalidAdminUsername" storage="c:\users\decho\desktop\testplan\teamlichtestautomation\teamlichtestautomation.tests\bin\debug\teamlichtestautomation.tests.dll" id="b08a3ebf-5056-66a6-997a-91107f720de3">
      <TestCategory>
        <TestCategoryItem TestCategory="Login" />
        <TestCategoryItem TestCategory="PriorityHigh" />
      </TestCategory>
      <Execution id="e22bb121-a081-4080-9a0c-a46117c8f54c" />
      <TestMethod codeBase="C:/Users/Decho/Desktop/TestPlan/TeamLichTestAutomation/TeamLichTestAutomation.Tests/bin/Debug/TeamLichTestAutomation.Tests.DLL" adapterTypeName="Microsoft.VisualStudio.TestTools.TestTypes.Unit.UnitTestAdapter, Microsoft.VisualStudio.QualityTools.Tips.UnitTest.Adapter, Version=12.0.0.0, Culture=neutral, PublicKeyToken=b03f5f7f11d50a3a" className="TeamLichTestAutomation.Tests.LoginTestSuite, TeamLichTestAutomation.Tests, Version=1.0.0.0, Culture=neutral, PublicKeyToken=null" name="TestLoginWithInvalidAdminUsername" />
    </UnitTest>
    <UnitTest name="TestLoginUserWithNullUserField" storage="c:\users\decho\desktop\testplan\teamlichtestautomation\teamlichtestautomation.tests\bin\debug\teamlichtestautomation.tests.dll" id="24e84b12-a81a-e01e-5e4e-19bcb4cb4e90">
      <TestCategory>
        <TestCategoryItem TestCategory="Login" />
        <TestCategoryItem TestCategory="PriorityHigh" />
      </TestCategory>
      <Execution id="92cbde94-5f47-4721-8d54-5327740c3965" />
      <TestMethod codeBase="C:/Users/Decho/Desktop/TestPlan/TeamLichTestAutomation/TeamLichTestAutomation.Tests/bin/Debug/TeamLichTestAutomation.Tests.DLL" adapterTypeName="Microsoft.VisualStudio.TestTools.TestTypes.Unit.UnitTestAdapter, Microsoft.VisualStudio.QualityTools.Tips.UnitTest.Adapter, Version=12.0.0.0, Culture=neutral, PublicKeyToken=b03f5f7f11d50a3a" className="TeamLichTestAutomation.Tests.LoginTestSuite, TeamLichTestAutomation.Tests, Version=1.0.0.0, Culture=neutral, PublicKeyToken=null" name="TestLoginUserWithNullUserField" />
    </UnitTest>
    <UnitTest name="TestLoginAdminUserWithEmptyPasswordField" storage="c:\users\decho\desktop\testplan\teamlichtestautomation\teamlichtestautomation.tests\bin\debug\teamlichtestautomation.tests.dll" id="a3c77084-4d0a-aba6-b4f9-51ef8a527ecb">
      <TestCategory>
        <TestCategoryItem TestCategory="Login" />
        <TestCategoryItem TestCategory="PriorityHigh" />
      </TestCategory>
      <Execution id="610acbe7-8b91-41e6-9433-7d4196b8bd95" />
      <TestMethod codeBase="C:/Users/Decho/Desktop/TestPlan/TeamLichTestAutomation/TeamLichTestAutomation.Tests/bin/Debug/TeamLichTestAutomation.Tests.DLL" adapterTypeName="Microsoft.VisualStudio.TestTools.TestTypes.Unit.UnitTestAdapter, Microsoft.VisualStudio.QualityTools.Tips.UnitTest.Adapter, Version=12.0.0.0, Culture=neutral, PublicKeyToken=b03f5f7f11d50a3a" className="TeamLichTestAutomation.Tests.LoginTestSuite, TeamLichTestAutomation.Tests, Version=1.0.0.0, Culture=neutral, PublicKeyToken=null" name="TestLoginAdminUserWithEmptyPasswordField" />
    </UnitTest>
    <UnitTest name="TestLoginRegularUserWithEmptyPasswordField" storage="c:\users\decho\desktop\testplan\teamlichtestautomation\teamlichtestautomation.tests\bin\debug\teamlichtestautomation.tests.dll" id="1d7c9c32-0479-9007-5401-9f455a5590f9">
      <TestCategory>
        <TestCategoryItem TestCategory="Login" />
        <TestCategoryItem TestCategory="PriorityHigh" />
      </TestCategory>
      <Execution id="e197074f-1f12-4a21-92d5-17db48f0b6fc" />
      <TestMethod codeBase="C:/Users/Decho/Desktop/TestPlan/TeamLichTestAutomation/TeamLichTestAutomation.Tests/bin/Debug/TeamLichTestAutomation.Tests.DLL" adapterTypeName="Microsoft.VisualStudio.TestTools.TestTypes.Unit.UnitTestAdapter, Microsoft.VisualStudio.QualityTools.Tips.UnitTest.Adapter, Version=12.0.0.0, Culture=neutral, PublicKeyToken=b03f5f7f11d50a3a" className="TeamLichTestAutomation.Tests.LoginTestSuite, TeamLichTestAutomation.Tests, Version=1.0.0.0, Culture=neutral, PublicKeyToken=null" name="TestLoginRegularUserWithEmptyPasswordField" />
    </UnitTest>
    <UnitTest name="TestLoginWithValidRegularUserCredentials" storage="c:\users\decho\desktop\testplan\teamlichtestautomation\teamlichtestautomation.tests\bin\debug\teamlichtestautomation.tests.dll" id="413048b9-915d-873c-cee9-85cc8ecbd403">
      <TestCategory>
        <TestCategoryItem TestCategory="Login" />
        <TestCategoryItem TestCategory="PriorityHigh" />
      </TestCategory>
      <Execution id="d4b0d4e3-5ce5-4852-ad52-e54916e8d2f0" />
      <TestMethod codeBase="C:/Users/Decho/Desktop/TestPlan/TeamLichTestAutomation/TeamLichTestAutomation.Tests/bin/Debug/TeamLichTestAutomation.Tests.DLL" adapterTypeName="Microsoft.VisualStudio.TestTools.TestTypes.Unit.UnitTestAdapter, Microsoft.VisualStudio.QualityTools.Tips.UnitTest.Adapter, Version=12.0.0.0, Culture=neutral, PublicKeyToken=b03f5f7f11d50a3a" className="TeamLichTestAutomation.Tests.LoginTestSuite, TeamLichTestAutomation.Tests, Version=1.0.0.0, Culture=neutral, PublicKeyToken=null" name="TestLoginWithValidRegularUserCredentials" />
    </UnitTest>
    <UnitTest name="TestLoginWithValidAdminUserCredentials" storage="c:\users\decho\desktop\testplan\teamlichtestautomation\teamlichtestautomation.tests\bin\debug\teamlichtestautomation.tests.dll" id="99efd99c-4222-1dba-3f1c-ce371d8c2cd4">
      <TestCategory>
        <TestCategoryItem TestCategory="Login" />
        <TestCategoryItem TestCategory="PriorityHigh" />
      </TestCategory>
      <Execution id="88ea6726-45d5-44e4-a975-3d35f9a36e5b" />
      <TestMethod codeBase="C:/Users/Decho/Desktop/TestPlan/TeamLichTestAutomation/TeamLichTestAutomation.Tests/bin/Debug/TeamLichTestAutomation.Tests.DLL" adapterTypeName="Microsoft.VisualStudio.TestTools.TestTypes.Unit.UnitTestAdapter, Microsoft.VisualStudio.QualityTools.Tips.UnitTest.Adapter, Version=12.0.0.0, Culture=neutral, PublicKeyToken=b03f5f7f11d50a3a" className="TeamLichTestAutomation.Tests.LoginTestSuite, TeamLichTestAutomation.Tests, Version=1.0.0.0, Culture=neutral, PublicKeyToken=null" name="TestLoginWithValidAdminUserCredentials" />
    </UnitTest>
    <UnitTest name="TestLoginAdminUserWithNullPasswordField" storage="c:\users\decho\desktop\testplan\teamlichtestautomation\teamlichtestautomation.tests\bin\debug\teamlichtestautomation.tests.dll" id="6028eca5-5417-e94c-0b06-48c0b75c043c">
      <TestCategory>
        <TestCategoryItem TestCategory="Login" />
        <TestCategoryItem TestCategory="PriorityHigh" />
      </TestCategory>
      <Execution id="ef91c595-fc68-4d90-a615-322f9eb4ab22" />
      <TestMethod codeBase="C:/Users/Decho/Desktop/TestPlan/TeamLichTestAutomation/TeamLichTestAutomation.Tests/bin/Debug/TeamLichTestAutomation.Tests.DLL" adapterTypeName="Microsoft.VisualStudio.TestTools.TestTypes.Unit.UnitTestAdapter, Microsoft.VisualStudio.QualityTools.Tips.UnitTest.Adapter, Version=12.0.0.0, Culture=neutral, PublicKeyToken=b03f5f7f11d50a3a" className="TeamLichTestAutomation.Tests.LoginTestSuite, TeamLichTestAutomation.Tests, Version=1.0.0.0, Culture=neutral, PublicKeyToken=null" name="TestLoginAdminUserWithNullPasswordField" />
    </UnitTest>
    <UnitTest name="TestLoginPasswordFieldDoesNotAcceptForbiddenSymbols" storage="c:\users\decho\desktop\testplan\teamlichtestautomation\teamlichtestautomation.tests\bin\debug\teamlichtestautomation.tests.dll" id="4b263453-95e2-3c50-1a95-971bc4448d0c">
      <TestCategory>
        <TestCategoryItem TestCategory="Login" />
        <TestCategoryItem TestCategory="PriorityHigh" />
      </TestCategory>
      <Execution id="25b96b04-0e57-4ae2-b2ca-f5cdddf122ea" />
      <TestMethod codeBase="C:/Users/Decho/Desktop/TestPlan/TeamLichTestAutomation/TeamLichTestAutomation.Tests/bin/Debug/TeamLichTestAutomation.Tests.DLL" adapterTypeName="Microsoft.VisualStudio.TestTools.TestTypes.Unit.UnitTestAdapter, Microsoft.VisualStudio.QualityTools.Tips.UnitTest.Adapter, Version=12.0.0.0, Culture=neutral, PublicKeyToken=b03f5f7f11d50a3a" className="TeamLichTestAutomation.Tests.LoginTestSuite, TeamLichTestAutomation.Tests, Version=1.0.0.0, Culture=neutral, PublicKeyToken=null" name="TestLoginPasswordFieldDoesNotAcceptForbiddenSymbols" />
    </UnitTest>
    <UnitTest name="TestLoginWithInvalidAdminPassword" storage="c:\users\decho\desktop\testplan\teamlichtestautomation\teamlichtestautomation.tests\bin\debug\teamlichtestautomation.tests.dll" id="fc8694ca-3b1a-584d-e66f-3e949ebe6bce">
      <TestCategory>
        <TestCategoryItem TestCategory="Login" />
        <TestCategoryItem TestCategory="PriorityHigh" />
      </TestCategory>
      <Execution id="b11b4f5a-a0ff-4fee-b9f0-b800035310bb" />
      <TestMethod codeBase="C:/Users/Decho/Desktop/TestPlan/TeamLichTestAutomation/TeamLichTestAutomation.Tests/bin/Debug/TeamLichTestAutomation.Tests.DLL" adapterTypeName="Microsoft.VisualStudio.TestTools.TestTypes.Unit.UnitTestAdapter, Microsoft.VisualStudio.QualityTools.Tips.UnitTest.Adapter, Version=12.0.0.0, Culture=neutral, PublicKeyToken=b03f5f7f11d50a3a" className="TeamLichTestAutomation.Tests.LoginTestSuite, TeamLichTestAutomation.Tests, Version=1.0.0.0, Culture=neutral, PublicKeyToken=null" name="TestLoginWithInvalidAdminPassword" />
    </UnitTest>
  </TestDefinitions>
  <TestLists>
    <TestList name="Results Not in a List" id="8c84fa94-04c1-424b-9868-57a2d4851a1d" />
    <TestList name="All Loaded Results" id="19431567-8539-422a-85d7-44ee4e166bda" />
  </TestLists>
  <TestEntries>
    <TestEntry testId="46d378cf-3bd9-6d24-7dc0-4a99ef6e1e99" executionId="743b28d4-fe6c-4be6-b4a2-6d5d4704bb4c" testListId="8c84fa94-04c1-424b-9868-57a2d4851a1d" />
    <TestEntry testId="a3c77084-4d0a-aba6-b4f9-51ef8a527ecb" executionId="610acbe7-8b91-41e6-9433-7d4196b8bd95" testListId="8c84fa94-04c1-424b-9868-57a2d4851a1d" />
    <TestEntry testId="6028eca5-5417-e94c-0b06-48c0b75c043c" executionId="ef91c595-fc68-4d90-a615-322f9eb4ab22" testListId="8c84fa94-04c1-424b-9868-57a2d4851a1d" />
    <TestEntry testId="4b263453-95e2-3c50-1a95-971bc4448d0c" executionId="25b96b04-0e57-4ae2-b2ca-f5cdddf122ea" testListId="8c84fa94-04c1-424b-9868-57a2d4851a1d" />
    <TestEntry testId="f2a3626f-d962-febc-762c-db97854cb8be" executionId="5fdf003b-d20b-4e92-a30e-8d3a586ae428" testListId="8c84fa94-04c1-424b-9868-57a2d4851a1d" />
    <TestEntry testId="9cc04609-625b-cd91-0109-186f4545d267" executionId="15d07e2d-8250-47fe-b0b1-0ac6ed1b8cea" testListId="8c84fa94-04c1-424b-9868-57a2d4851a1d" />
    <TestEntry testId="8ac73b42-0a85-56bf-a662-9b96d9ffca43" executionId="d8f9c939-fd36-4b87-8aa3-e2064f3455b6" testListId="8c84fa94-04c1-424b-9868-57a2d4851a1d" />
    <TestEntry testId="1d7c9c32-0479-9007-5401-9f455a5590f9" executionId="e197074f-1f12-4a21-92d5-17db48f0b6fc" testListId="8c84fa94-04c1-424b-9868-57a2d4851a1d" />
    <TestEntry testId="37b5592d-7372-5316-748f-2dbfc3c12d52" executionId="c22b9ade-031b-4632-875f-e82852541fc4" testListId="8c84fa94-04c1-424b-9868-57a2d4851a1d" />
    <TestEntry testId="718d1b7b-62e2-7083-6b00-7a083b35c722" executionId="bd236d69-0dbe-4cc3-a793-821d11721d1c" testListId="8c84fa94-04c1-424b-9868-57a2d4851a1d" />
    <TestEntry testId="1b9aca29-30a5-283d-2ec5-5c92ccd2d574" executionId="4e169c61-80de-4029-b0b6-da4ce7ff63de" testListId="8c84fa94-04c1-424b-9868-57a2d4851a1d" />
    <TestEntry testId="24e84b12-a81a-e01e-5e4e-19bcb4cb4e90" executionId="92cbde94-5f47-4721-8d54-5327740c3965" testListId="8c84fa94-04c1-424b-9868-57a2d4851a1d" />
    <TestEntry testId="26dc92bc-e06d-b38c-ed13-955202adc92b" executionId="ca5d22fd-3e06-42ba-b4e2-ca5048755c36" testListId="8c84fa94-04c1-424b-9868-57a2d4851a1d" />
    <TestEntry testId="9802d6a5-3597-37ba-aaf5-27e35acbd80e" executionId="0e978020-1bef-4d7c-8d6e-19ddd4a41d72" testListId="8c84fa94-04c1-424b-9868-57a2d4851a1d" />
    <TestEntry testId="fc8694ca-3b1a-584d-e66f-3e949ebe6bce" executionId="b11b4f5a-a0ff-4fee-b9f0-b800035310bb" testListId="8c84fa94-04c1-424b-9868-57a2d4851a1d" />
    <TestEntry testId="b08a3ebf-5056-66a6-997a-91107f720de3" executionId="e22bb121-a081-4080-9a0c-a46117c8f54c" testListId="8c84fa94-04c1-424b-9868-57a2d4851a1d" />
    <TestEntry testId="90a824b3-0d11-eedd-f58c-73bcae227869" executionId="0c5b0123-42c0-4baf-b6bc-083b5292a74a" testListId="8c84fa94-04c1-424b-9868-57a2d4851a1d" />
    <TestEntry testId="e714d2e6-17c3-2a72-1396-a808d6ce02dc" executionId="166fadaf-9566-407c-bb0d-d299d05053a4" testListId="8c84fa94-04c1-424b-9868-57a2d4851a1d" />
    <TestEntry testId="99efd99c-4222-1dba-3f1c-ce371d8c2cd4" executionId="88ea6726-45d5-44e4-a975-3d35f9a36e5b" testListId="8c84fa94-04c1-424b-9868-57a2d4851a1d" />
    <TestEntry testId="413048b9-915d-873c-cee9-85cc8ecbd403" executionId="d4b0d4e3-5ce5-4852-ad52-e54916e8d2f0" testListId="8c84fa94-04c1-424b-9868-57a2d4851a1d" />
  </TestEntries>
  <Results>
    <UnitTestResult executionId="743b28d4-fe6c-4be6-b4a2-6d5d4704bb4c" testId="46d378cf-3bd9-6d24-7dc0-4a99ef6e1e99" testName="TestLoginAdminUserIsNotPersistentOnCookieDeletion" computerName="DECHO-DESKTOP" duration="00:00:55.9006591" startTime="2016-01-10T15:13:36.7974702+02:00" endTime="2016-01-10T15:14:33.9505886+02:00" testType="13cdc9d9-ddb5-4fa4-a97d-d965ccfc6d4b" outcome="Passed" testListId="8c84fa94-04c1-424b-9868-57a2d4851a1d" relativeResultsDirectory="743b28d4-fe6c-4be6-b4a2-6d5d4704bb4c">
    </UnitTestResult>
    <UnitTestResult executionId="610acbe7-8b91-41e6-9433-7d4196b8bd95" testId="a3c77084-4d0a-aba6-b4f9-51ef8a527ecb" testName="TestLoginAdminUserWithEmptyPasswordField" computerName="DECHO-DESKTOP" duration="00:00:14.9368552" startTime="2016-01-10T15:14:34.2016030+02:00" endTime="2016-01-10T15:14:49.1751704+02:00" testType="13cdc9d9-ddb5-4fa4-a97d-d965ccfc6d4b" outcome="Passed" testListId="8c84fa94-04c1-424b-9868-57a2d4851a1d" relativeResultsDirectory="610acbe7-8b91-41e6-9433-7d4196b8bd95">
    </UnitTestResult>
    <UnitTestResult executionId="ef91c595-fc68-4d90-a615-322f9eb4ab22" testId="6028eca5-5417-e94c-0b06-48c0b75c043c" testName="TestLoginAdminUserWithNullPasswordField" computerName="DECHO-DESKTOP" duration="00:00:12.6357863" startTime="2016-01-10T15:14:49.3341773+02:00" endTime="2016-01-10T15:15:01.9825592+02:00" testType="13cdc9d9-ddb5-4fa4-a97d-d965ccfc6d4b" outcome="Passed" testListId="8c84fa94-04c1-424b-9868-57a2d4851a1d" relativeResultsDirectory="ef91c595-fc68-4d90-a615-322f9eb4ab22">
    </UnitTestResult>
    <UnitTestResult executionId="25b96b04-0e57-4ae2-b2ca-f5cdddf122ea" testId="4b263453-95e2-3c50-1a95-971bc4448d0c" testName="TestLoginPasswordFieldDoesNotAcceptForbiddenSymbols" computerName="DECHO-DESKTOP" duration="00:00:11.6982526" startTime="2016-01-10T15:15:02.1325661+02:00" endTime="2016-01-10T15:15:13.8418509+02:00" testType="13cdc9d9-ddb5-4fa4-a97d-d965ccfc6d4b" outcome="Passed" testListId="8c84fa94-04c1-424b-9868-57a2d4851a1d" relativeResultsDirectory="25b96b04-0e57-4ae2-b2ca-f5cdddf122ea">
    </UnitTestResult>
    <UnitTestResult executionId="5fdf003b-d20b-4e92-a30e-8d3a586ae428" testId="f2a3626f-d962-febc-762c-db97854cb8be" testName="TestLoginPersistenceAdminUserOnBrowserRestart" computerName="DECHO-DESKTOP" duration="00:00:37.4891043" startTime="2016-01-10T15:15:13.9978598+02:00" endTime="2016-01-10T15:15:51.5010602+02:00" testType="13cdc9d9-ddb5-4fa4-a97d-d965ccfc6d4b" outcome="Passed" testListId="8c84fa94-04c1-424b-9868-57a2d4851a1d" relativeResultsDirectory="5fdf003b-d20b-4e92-a30e-8d3a586ae428">
    </UnitTestResult>
    <UnitTestResult executionId="15d07e2d-8250-47fe-b0b1-0ac6ed1b8cea" testId="9cc04609-625b-cd91-0109-186f4545d267" testName="TestLoginPersistenceRegularUserOnBrowserRestart" computerName="DECHO-DESKTOP" duration="00:00:46.0188018" startTime="2016-01-10T15:15:51.6610694+02:00" endTime="2016-01-10T15:16:37.7124250+02:00" testType="13cdc9d9-ddb5-4fa4-a97d-d965ccfc6d4b" outcome="Passed" testListId="8c84fa94-04c1-424b-9868-57a2d4851a1d" relativeResultsDirectory="15d07e2d-8250-47fe-b0b1-0ac6ed1b8cea">
    </UnitTestResult>
    <UnitTestResult executionId="d8f9c939-fd36-4b87-8aa3-e2064f3455b6" testId="8ac73b42-0a85-56bf-a662-9b96d9ffca43" testName="TestLoginRegularUserIsNotPersistentOnCookieDeletion" computerName="DECHO-DESKTOP" duration="00:00:20.9229926" startTime="2016-01-10T15:16:37.8694329+02:00" endTime="2016-01-10T15:16:58.8200587+02:00" testType="13cdc9d9-ddb5-4fa4-a97d-d965ccfc6d4b" outcome="Passed" testListId="8c84fa94-04c1-424b-9868-57a2d4851a1d" relativeResultsDirectory="d8f9c939-fd36-4b87-8aa3-e2064f3455b6">
    </UnitTestResult>
    <UnitTestResult executionId="e197074f-1f12-4a21-92d5-17db48f0b6fc" testId="1d7c9c32-0479-9007-5401-9f455a5590f9" testName="TestLoginRegularUserWithEmptyPasswordField" computerName="DECHO-DESKTOP" duration="00:00:13.6775918" startTime="2016-01-10T15:16:59.0000690+02:00" endTime="2016-01-10T15:17:12.7024097+02:00" testType="13cdc9d9-ddb5-4fa4-a97d-d965ccfc6d4b" outcome="Passed" testListId="8c84fa94-04c1-424b-9868-57a2d4851a1d" relativeResultsDirectory="e197074f-1f12-4a21-92d5-17db48f0b6fc">
    </UnitTestResult>
    <UnitTestResult executionId="c22b9ade-031b-4632-875f-e82852541fc4" testId="37b5592d-7372-5316-748f-2dbfc3c12d52" testName="TestLoginRegularUserWithNullPasswordField" computerName="DECHO-DESKTOP" duration="00:00:11.6602502" startTime="2016-01-10T15:17:12.8934207+02:00" endTime="2016-01-10T15:17:24.5747233+02:00" testType="13cdc9d9-ddb5-4fa4-a97d-d965ccfc6d4b" outcome="Passed" testListId="8c84fa94-04c1-424b-9868-57a2d4851a1d" relativeResultsDirectory="c22b9ade-031b-4632-875f-e82852541fc4">
    </UnitTestResult>
    <UnitTestResult executionId="bd236d69-0dbe-4cc3-a793-821d11721d1c" testId="718d1b7b-62e2-7083-6b00-7a083b35c722" testName="TestLoginUserFieldDoesNotAcceptForbiddenSymbols" computerName="DECHO-DESKTOP" duration="00:00:12.4396287" startTime="2016-01-10T15:17:24.7457309+02:00" endTime="2016-01-10T15:17:37.1930617+02:00" testType="13cdc9d9-ddb5-4fa4-a97d-d965ccfc6d4b" outcome="Passed" testListId="8c84fa94-04c1-424b-9868-57a2d4851a1d" relativeResultsDirectory="bd236d69-0dbe-4cc3-a793-821d11721d1c">
    </UnitTestResult>
    <UnitTestResult executionId="4e169c61-80de-4029-b0b6-da4ce7ff63de" testId="1b9aca29-30a5-283d-2ec5-5c92ccd2d574" testName="TestLoginUserWithNullFields" computerName="DECHO-DESKTOP" duration="00:00:12.6044791" startTime="2016-01-10T15:17:37.3660711+02:00" endTime="2016-01-10T15:17:49.9783796+02:00" testType="13cdc9d9-ddb5-4fa4-a97d-d965ccfc6d4b" outcome="Passed" testListId="8c84fa94-04c1-424b-9868-57a2d4851a1d" relativeResultsDirectory="4e169c61-80de-4029-b0b6-da4ce7ff63de">
    </UnitTestResult>
    <UnitTestResult executionId="92cbde94-5f47-4721-8d54-5327740c3965" testId="24e84b12-a81a-e01e-5e4e-19bcb4cb4e90" testName="TestLoginUserWithNullUserField" computerName="DECHO-DESKTOP" duration="00:00:12.5043078" startTime="2016-01-10T15:17:50.1363864+02:00" endTime="2016-01-10T15:18:02.6626933+02:00" testType="13cdc9d9-ddb5-4fa4-a97d-d965ccfc6d4b" outcome="Passed" testListId="8c84fa94-04c1-424b-9868-57a2d4851a1d" relativeResultsDirectory="92cbde94-5f47-4721-8d54-5327740c3965">
    </UnitTestResult>
    <UnitTestResult executionId="ca5d22fd-3e06-42ba-b4e2-ca5048755c36" testId="26dc92bc-e06d-b38c-ed13-955202adc92b" testName="TestLoginWithEmptyFields" computerName="DECHO-DESKTOP" duration="00:00:12.9543192" startTime="2016-01-10T15:18:02.8187005+02:00" endTime="2016-01-10T15:18:15.8010464+02:00" testType="13cdc9d9-ddb5-4fa4-a97d-d965ccfc6d4b" outcome="Passed" testListId="8c84fa94-04c1-424b-9868-57a2d4851a1d" relativeResultsDirectory="ca5d22fd-3e06-42ba-b4e2-ca5048755c36">
    </UnitTestResult>
    <UnitTestResult executionId="0e978020-1bef-4d7c-8d6e-19ddd4a41d72" testId="9802d6a5-3597-37ba-aaf5-27e35acbd80e" testName="TestLoginWithEmptyUserField" computerName="DECHO-DESKTOP" duration="00:00:14.5747776" startTime="2016-01-10T15:18:16.0060581+02:00" endTime="2016-01-10T15:18:30.6104693+02:00" testType="13cdc9d9-ddb5-4fa4-a97d-d965ccfc6d4b" outcome="Passed" testListId="8c84fa94-04c1-424b-9868-57a2d4851a1d" relativeResultsDirectory="0e978020-1bef-4d7c-8d6e-19ddd4a41d72">
    </UnitTestResult>
    <UnitTestResult executionId="b11b4f5a-a0ff-4fee-b9f0-b800035310bb" testId="fc8694ca-3b1a-584d-e66f-3e949ebe6bce" testName="TestLoginWithInvalidAdminPassword" computerName="DECHO-DESKTOP" duration="00:00:13.1834321" startTime="2016-01-10T15:18:30.7794790+02:00" endTime="2016-01-10T15:18:43.9648186+02:00" testType="13cdc9d9-ddb5-4fa4-a97d-d965ccfc6d4b" outcome="Passed" testListId="8c84fa94-04c1-424b-9868-57a2d4851a1d" relativeResultsDirectory="b11b4f5a-a0ff-4fee-b9f0-b800035310bb">
    </UnitTestResult>
    <UnitTestResult executionId="e22bb121-a081-4080-9a0c-a46117c8f54c" testId="b08a3ebf-5056-66a6-997a-91107f720de3" testName="TestLoginWithInvalidAdminUsername" computerName="DECHO-DESKTOP" duration="00:00:11.6414279" startTime="2016-01-10T15:18:44.1288258+02:00" endTime="2016-01-10T15:18:55.7781383+02:00" testType="13cdc9d9-ddb5-4fa4-a97d-d965ccfc6d4b" outcome="Passed" testListId="8c84fa94-04c1-424b-9868-57a2d4851a1d" relativeResultsDirectory="e22bb121-a081-4080-9a0c-a46117c8f54c">
    </UnitTestResult>
    <UnitTestResult executionId="0c5b0123-42c0-4baf-b6bc-083b5292a74a" testId="90a824b3-0d11-eedd-f58c-73bcae227869" testName="TestLoginWithInvalidRegularUserPassword" computerName="DECHO-DESKTOP" duration="00:00:11.9284878" startTime="2016-01-10T15:18:55.9301448+02:00" endTime="2016-01-10T15:19:07.9164431+02:00" testType="13cdc9d9-ddb5-4fa4-a97d-d965ccfc6d4b" outcome="Passed" testListId="8c84fa94-04c1-424b-9868-57a2d4851a1d" relativeResultsDirectory="0c5b0123-42c0-4baf-b6bc-083b5292a74a">
    </UnitTestResult>
    <UnitTestResult executionId="166fadaf-9566-407c-bb0d-d299d05053a4" testId="e714d2e6-17c3-2a72-1396-a808d6ce02dc" testName="TestLoginWithInvalidRegularUserUsername" computerName="DECHO-DESKTOP" duration="00:00:10.6084855" startTime="2016-01-10T15:19:08.0694519+02:00" endTime="2016-01-10T15:19:18.7137382+02:00" testType="13cdc9d9-ddb5-4fa4-a97d-d965ccfc6d4b" outcome="Passed" testListId="8c84fa94-04c1-424b-9868-57a2d4851a1d" relativeResultsDirectory="166fadaf-9566-407c-bb0d-d299d05053a4">
    </UnitTestResult>
    <UnitTestResult executionId="88ea6726-45d5-44e4-a975-3d35f9a36e5b" testId="99efd99c-4222-1dba-3f1c-ce371d8c2cd4" testName="TestLoginWithValidAdminUserCredentials" computerName="DECHO-DESKTOP" duration="00:00:15.0096714" startTime="2016-01-10T15:19:18.8747452+02:00" endTime="2016-01-10T15:19:33.8944056+02:00" testType="13cdc9d9-ddb5-4fa4-a97d-d965ccfc6d4b" outcome="Passed" testListId="8c84fa94-04c1-424b-9868-57a2d4851a1d" relativeResultsDirectory="88ea6726-45d5-44e4-a975-3d35f9a36e5b">
    </UnitTestResult>
    <UnitTestResult executionId="d4b0d4e3-5ce5-4852-ad52-e54916e8d2f0" testId="413048b9-915d-873c-cee9-85cc8ecbd403" testName="TestLoginWithValidRegularUserCredentials" computerName="DECHO-DESKTOP" duration="00:00:19.6633825" startTime="2016-01-10T15:19:34.1824193+02:00" endTime="2016-01-10T15:19:53.8589767+02:00" testType="13cdc9d9-ddb5-4fa4-a97d-d965ccfc6d4b" outcome="Passed" testListId="8c84fa94-04c1-424b-9868-57a2d4851a1d" relativeResultsDirectory="d4b0d4e3-5ce5-4852-ad52-e54916e8d2f0">
    </UnitTestResult>
  </Results>
</TestRun>